<?xml version="1.0" encoding="UTF-8"?>
<!-- Generated by org.testng.reporters.JUnitReportReporter -->
<testsuite hostname="DESKTOP-NDDEHQG" failures="0" tests="1" name="TestNG_Test.Myntra" time="5.155" errors="0" timestamp="2024-04-29T11:34:54 IST" skipped="0">
  <testcase classname="TestNG_Test.Myntra" name="myntraaction" time="5.155"/>
  <system-out/>
</testsuite> <!-- TestNG_Test.Myntra -->
